<?xml version="1.0" encoding="utf-8"?><testsuites name="pytest tests"><testsuite name="pytest" errors="0" failures="0" skipped="0" tests="35" time="6.485" timestamp="2026-02-25T17:42:40.465497+00:00" hostname="agent-env-3a206334-adef-4f1d-ad88-2a94ce12f570"><testcase classname="backend.tests.test_qrgate.TestSystemHealth" name="test_health_endpoint" time="0.238" /><testcase classname="backend.tests.test_qrgate.TestAuth" name="test_demo_login_success" time="0.310" /><testcase classname="backend.tests.test_qrgate.TestAuth" name="test_admin_login_success" time="0.348" /><testcase classname="backend.tests.test_qrgate.TestAuth" name="test_staff_login_success" time="0.353" /><testcase classname="backend.tests.test_qrgate.TestAuth" name="test_invalid_login" time="0.063" /><testcase classname="backend.tests.test_qrgate.TestAuth" name="test_get_current_user" time="0.422" /><testcase classname="backend.tests.test_qrgate.TestAuth" name="test_unauthorized_without_token" time="0.129" /><testcase classname="backend.tests.test_qrgate.TestPublicVenue" name="test_get_venue_by_slug" time="0.116" /><testcase classname="backend.tests.test_qrgate.TestPublicVenue" name="test_get_nonexistent_venue" time="0.065" /><testcase classname="backend.tests.test_qrgate.TestPublicVenue" name="test_payment_intent_mock" time="0.420" /><testcase classname="backend.tests.test_qrgate.TestPublicVenue" name="test_get_public_order" time="0.430" /><testcase classname="backend.tests.test_qrgate.TestDashboard" name="test_get_dashboard_stats" time="0.088" /><testcase classname="backend.tests.test_qrgate.TestDashboard" name="test_get_tickets" time="0.058" /><testcase classname="backend.tests.test_qrgate.TestDashboard" name="test_create_ticket" time="0.087" /><testcase classname="backend.tests.test_qrgate.TestDashboard" name="test_update_ticket" time="0.125" /><testcase classname="backend.tests.test_qrgate.TestDashboard" name="test_delete_ticket" time="0.163" /><testcase classname="backend.tests.test_qrgate.TestDashboard" name="test_get_orders" time="0.065" /><testcase classname="backend.tests.test_qrgate.TestDashboard" name="test_refund_order" time="0.168" /><testcase classname="backend.tests.test_qrgate.TestDashboard" name="test_get_staff" time="0.097" /><testcase classname="backend.tests.test_qrgate.TestDashboard" name="test_create_staff" time="0.371" /><testcase classname="backend.tests.test_qrgate.TestDashboard" name="test_get_settings" time="0.091" /><testcase classname="backend.tests.test_qrgate.TestDashboard" name="test_update_settings" time="0.060" /><testcase classname="backend.tests.test_qrgate.TestDashboard" name="test_get_stripe_status" time="0.239" /><testcase classname="backend.tests.test_qrgate.TestDashboard" name="test_stripe_connect_mock" time="0.070" /><testcase classname="backend.tests.test_qrgate.TestDashboard" name="test_reports_export_csv" time="0.096" /><testcase classname="backend.tests.test_qrgate.TestDashboard" name="test_poster_download" time="0.096" /><testcase classname="backend.tests.test_qrgate.TestScan" name="test_scan_valid_qr" time="0.532" /><testcase classname="backend.tests.test_qrgate.TestScan" name="test_scan_invalid_qr" time="0.058" /><testcase classname="backend.tests.test_qrgate.TestAdminPanel" name="test_admin_stats" time="0.372" /><testcase classname="backend.tests.test_qrgate.TestAdminPanel" name="test_admin_venues_list" time="0.055" /><testcase classname="backend.tests.test_qrgate.TestAdminPanel" name="test_admin_orders_list" time="0.068" /><testcase classname="backend.tests.test_qrgate.TestAdminPanel" name="test_admin_users_list" time="0.058" /><testcase classname="backend.tests.test_qrgate.TestAdminPanel" name="test_admin_forbidden_for_regular_user" time="0.100" /><testcase classname="backend.tests.test_qrgate.TestAdminPanel" name="test_admin_venue_toggle_status" time="0.286" /><testcase classname="backend.tests.test_qrgate.TestCreateTestOrder" name="test_create_test_order" time="0.067" /></testsuite></testsuites>