<?xml version="1.0" encoding="utf-8"?><testsuites name="pytest tests"><testsuite name="pytest" errors="0" failures="0" skipped="0" tests="19" time="9.738" timestamp="2026-02-25T19:44:04.713835+00:00" hostname="agent-env-3a206334-adef-4f1d-ad88-2a94ce12f570"><testcase classname="backend.tests.test_p2_features.TestAuthentication" name="test_demo_admin_login" time="0.645" /><testcase classname="backend.tests.test_p2_features.TestAuthentication" name="test_superadmin_login" time="0.367" /><testcase classname="backend.tests.test_p2_features.TestDashboardAnalytics" name="test_analytics_endpoint_exists" time="0.523" /><testcase classname="backend.tests.test_p2_features.TestDashboardAnalytics" name="test_analytics_has_required_fields" time="0.596" /><testcase classname="backend.tests.test_p2_features.TestDashboardAnalytics" name="test_analytics_has_daily_revenue" time="0.595" /><testcase classname="backend.tests.test_p2_features.TestDashboardAnalytics" name="test_analytics_has_channel_split" time="0.516" /><testcase classname="backend.tests.test_p2_features.TestDashboardAnalytics" name="test_analytics_has_ticket_breakdown" time="0.598" /><testcase classname="backend.tests.test_p2_features.TestDashboardAnalytics" name="test_analytics_day_and_hour_data" time="0.519" /><testcase classname="backend.tests.test_p2_features.TestDashboardAnalytics" name="test_analytics_country_data" time="0.514" /><testcase classname="backend.tests.test_p2_features.TestCSVExport" name="test_csv_export_endpoint" time="0.515" /><testcase classname="backend.tests.test_p2_features.TestSeasonPassesCRUD" name="test_get_season_passes" time="0.509" /><testcase classname="backend.tests.test_p2_features.TestSeasonPassesCRUD" name="test_create_season_pass" time="0.602" /><testcase classname="backend.tests.test_p2_features.TestSeasonPassesCRUD" name="test_update_season_pass" time="0.954" /><testcase classname="backend.tests.test_p2_features.TestSeasonPassesCRUD" name="test_delete_season_pass" time="0.655" /><testcase classname="backend.tests.test_p2_features.TestSeasonPassesCRUD" name="test_get_season_pass_holders" time="0.539" /><testcase classname="backend.tests.test_p2_features.TestPublicSeasonPassAPI" name="test_public_season_passes_endpoint" time="0.183" /><testcase classname="backend.tests.test_p2_features.TestSeasonPassVerification" name="test_verify_pass_invalid_token" time="0.119" /><testcase classname="backend.tests.test_p2_features.TestSeasonPassVerification" name="test_verify_pass_endpoint_exists" time="0.126" /><testcase classname="backend.tests.test_p2_features.TestDashboardStats" name="test_stats_endpoint" time="0.575" /></testsuite></testsuites>