<?xml version="1.0" encoding="utf-8"?><testsuites name="pytest tests"><testsuite name="pytest" errors="0" failures="4" skipped="0" tests="26" time="10.683" timestamp="2026-02-25T20:17:16.867625+00:00" hostname="agent-env-88734352-5cd0-4db4-b964-e956e4c29196"><testcase classname="tests.test_p5_session.TestDashboardStats" name="test_dashboard_stats_returns_200" time="0.686" /><testcase classname="tests.test_p5_session.TestDashboardStats" name="test_dashboard_stats_structure" time="0.534" /><testcase classname="tests.test_p5_session.TestDashboardStats" name="test_dashboard_stats_integer_values" time="0.573" /><testcase classname="tests.test_p5_session.TestAdminStats" name="test_admin_stats_returns_200" time="0.569" /><testcase classname="tests.test_p5_session.TestAdminStats" name="test_admin_stats_structure" time="0.600" /><testcase classname="tests.test_p5_session.TestAdminStats" name="test_admin_stats_integer_fees" time="0.549" /><testcase classname="tests.test_p5_session.TestAdminStats" name="test_admin_stats_requires_superadmin" time="0.580" /><testcase classname="tests.test_p5_session.TestStripeConfigGet" name="test_stripe_config_get_returns_200" time="0.549" /><testcase classname="tests.test_p5_session.TestStripeConfigGet" name="test_stripe_config_structure" time="0.728" /><testcase classname="tests.test_p5_session.TestStripeConfigGet" name="test_stripe_config_requires_superadmin" time="0.530" /><testcase classname="tests.test_p5_session.TestStripeConfigPut" name="test_stripe_config_rejects_invalid_secret_key" time="0.632" /><testcase classname="tests.test_p5_session.TestStripeConfigPut" name="test_stripe_config_rejects_invalid_publishable_key" time="0.491" /><testcase classname="tests.test_p5_session.TestStripeConfigPut" name="test_stripe_config_accepts_test_key" time="0.131"><failure message="assert None is not None">tests/test_p5_session.py:255: in test_stripe_config_accepts_test_key
    assert token is not None
E   assert None is not None</failure></testcase><testcase classname="tests.test_p5_session.TestStripeConfigPut" name="test_stripe_config_requires_superadmin" time="0.179"><failure message="assert None is not None">tests/test_p5_session.py:268: in test_stripe_config_requires_superadmin
    assert token is not None
E   assert None is not None</failure></testcase><testcase classname="tests.test_p5_session.TestWalletConfig" name="test_wallet_config_public_no_auth" time="0.128" /><testcase classname="tests.test_p5_session.TestWalletConfig" name="test_wallet_config_structure" time="0.152" /><testcase classname="tests.test_p5_session.TestWalletAdminConfig" name="test_admin_wallet_config_returns_200" time="0.526" /><testcase classname="tests.test_p5_session.TestWalletAdminConfig" name="test_admin_wallet_config_structure" time="0.160"><failure message="assert None is not None">tests/test_p5_session.py:318: in test_admin_wallet_config_structure
    assert token is not None
E   assert None is not None</failure></testcase><testcase classname="tests.test_p5_session.TestWalletAdminConfig" name="test_admin_wallet_config_requires_superadmin" time="0.466" /><testcase classname="tests.test_p5_session.TestTicketPdfDownload" name="test_ticket_image_returns_pdf" time="0.137" /><testcase classname="tests.test_p5_session.TestTicketPdfDownload" name="test_ticket_image_has_filename" time="0.192" /><testcase classname="tests.test_p5_session.TestTicketPdfDownload" name="test_ticket_image_404_for_invalid_order" time="0.205" /><testcase classname="tests.test_p5_session.TestWaitlistOptimized" name="test_waitlist_returns_200" time="0.387"><failure message="assert None is not None">tests/test_p5_session.py:378: in test_waitlist_returns_200
    assert token is not None
E   assert None is not None</failure></testcase><testcase classname="tests.test_p5_session.TestWaitlistOptimized" name="test_waitlist_structure" time="0.521" /><testcase classname="tests.test_p5_session.TestWalletPassGeneration" name="test_google_wallet_pass_503_without_config" time="0.181" /><testcase classname="tests.test_p5_session.TestWalletPassGeneration" name="test_apple_wallet_pass_503_without_config" time="0.168" /></testsuite></testsuites>