<?xml version="1.0" encoding="utf-8"?><testsuites name="pytest tests"><testsuite name="pytest" errors="0" failures="0" skipped="0" tests="19" time="9.469" timestamp="2026-02-25T19:27:24.944653+00:00" hostname="agent-env-3a206334-adef-4f1d-ad88-2a94ce12f570"><testcase classname="backend.tests.test_timed_entry.TestSystemHealth" name="test_health_check" time="0.191" /><testcase classname="backend.tests.test_timed_entry.TestTimedEntryAuthentication" name="test_terme_admin_login" time="0.485" /><testcase classname="backend.tests.test_timed_entry.TestTimedEntryAuthentication" name="test_demo_admin_login" time="0.359" /><testcase classname="backend.tests.test_timed_entry.TestTimedEntryAuthentication" name="test_superadmin_login" time="0.349" /><testcase classname="backend.tests.test_timed_entry.TestPublicVenueSlots" name="test_get_public_venue" time="0.201" /><testcase classname="backend.tests.test_timed_entry.TestPublicVenueSlots" name="test_get_available_slots" time="0.340" /><testcase classname="backend.tests.test_timed_entry.TestTimedEntryTickets" name="test_get_tickets" time="0.583" /><testcase classname="backend.tests.test_timed_entry.TestTimedEntryTickets" name="test_create_timed_ticket" time="0.517" /><testcase classname="backend.tests.test_timed_entry.TestTimedEntryTickets" name="test_update_timed_ticket" time="0.670" /><testcase classname="backend.tests.test_timed_entry.TestCheckoutWithSlots" name="test_checkout_session_with_slot" time="0.794" /><testcase classname="backend.tests.test_timed_entry.TestDashboardCapacity" name="test_get_capacity_overview" time="0.516" /><testcase classname="backend.tests.test_timed_entry.TestDashboardCapacity" name="test_update_daily_capacity" time="0.625" /><testcase classname="backend.tests.test_timed_entry.TestDashboardWaitlist" name="test_get_waitlist" time="0.548" /><testcase classname="backend.tests.test_timed_entry.TestPublicWaitlistJoin" name="test_join_waitlist" time="0.316" /><testcase classname="backend.tests.test_timed_entry.TestDashboardAnalytics" name="test_get_venue_analytics" time="0.580" /><testcase classname="backend.tests.test_timed_entry.TestAdminAnalytics" name="test_get_admin_analytics" time="0.487" /><testcase classname="backend.tests.test_timed_entry.TestAdminAnalytics" name="test_admin_analytics_requires_superadmin" time="0.565" /><testcase classname="backend.tests.test_timed_entry.TestScannerWithSlotInfo" name="test_scan_with_slot_info" time="1.004" /><testcase classname="backend.tests.test_timed_entry.TestVenueCapacityPublic" name="test_check_venue_capacity" time="0.241" /></testsuite></testsuites>